INPUT:
{"query":"voleur","type":"f","genre":"","limit":20}

OUTPUT:


ERRORS:
'python3' n'est pas reconnu en tant que commande interne
ou externe, un programme ex‚cutable ou un fichier de commandes.


RETURN CODE: 1
INPUT:
{"query":"","type":"f","genre":"","limit":20}

OUTPUT:


ERRORS:
'python3' n'est pas reconnu en tant que commande interne
ou externe, un programme ex‚cutable ou un fichier de commandes.


RETURN CODE: 1
INPUT:
{"query":"","type":"f","genre":"","limit":20}

OUTPUT:


ERRORS:
'python3' n'est pas reconnu en tant que commande interne
ou externe, un programme ex‚cutable ou un fichier de commandes.


RETURN CODE: 1
INPUT:
{"query":"in","type":"f","genre":"","limit":20}

OUTPUT:


ERRORS:
'python3' n'est pas reconnu en tant que commande interne
ou externe, un programme ex‚cutable ou un fichier de commandes.


RETURN CODE: 1
INPUT:
{"query":"","type":"f","genre":"","limit":20}

OUTPUT:


ERRORS:
'python3' n'est pas reconnu en tant que commande interne
ou externe, un programme ex‚cutable ou un fichier de commandes.


RETURN CODE: 1
INPUT:
{"query":"","type":"f","genre":"","limit":20}

OUTPUT:


ERRORS:
'python3' n'est pas reconnu en tant que commande interne
ou externe, un programme ex‚cutable ou un fichier de commandes.


RETURN CODE: 1
INPUT:
{"query":"sd","type":"f","genre":"","limit":20}

OUTPUT:


ERRORS:
'python3' n'est pas reconnu en tant que commande interne
ou externe, un programme ex‚cutable ou un fichier de commandes.


RETURN CODE: 1
INPUT:
{"query":"action","type":"f","genre":"","limit":20}

OUTPUT:


ERRORS:
'python3' n'est pas reconnu en tant que commande interne
ou externe, un programme ex‚cutable ou un fichier de commandes.


RETURN CODE: 1
INPUT:
{"query":"in","type":"f","genre":"","limit":20}

OUTPUT:


ERRORS:
'python3' n'est pas reconnu en tant que commande interne
ou externe, un programme ex‚cutable ou un fichier de commandes.


RETURN CODE: 1
INPUT:
{"query":"voleur","type":"f","genre":"","limit":20}

OUTPUT:


ERRORS:
'python3' n'est pas reconnu en tant que commande interne
ou externe, un programme ex‚cutable ou un fichier de commandes.


RETURN CODE: 1
INPUT:
{"query":"in","type":"f","genre":"","limit":20}

OUTPUT:


ERRORS:
'python3' n'est pas reconnu en tant que commande interne
ou externe, un programme ex‚cutable ou un fichier de commandes.


RETURN CODE: 1
INPUT:
{"query":"action","type":"f","genre":"","limit":20}

OUTPUT:


ERRORS:
'python3' n'est pas reconnu en tant que commande interne
ou externe, un programme ex‚cutable ou un fichier de commandes.


RETURN CODE: 1
INPUT:
{"query":"sd","type":"f","genre":"","limit":20}

OUTPUT:


ERRORS:
'python3' n'est pas reconnu en tant que commande interne
ou externe, un programme ex‚cutable ou un fichier de commandes.


RETURN CODE: 1
INPUT:
{"query":"","type":"f","genre":"","limit":20}

OUTPUT:


ERRORS:
'python3' n'est pas reconnu en tant que commande interne
ou externe, un programme ex‚cutable ou un fichier de commandes.


RETURN CODE: 1
INPUT:
{"query":"","type":"f","genre":"","limit":20}

OUTPUT:


ERRORS:
'python3' n'est pas reconnu en tant que commande interne
ou externe, un programme ex‚cutable ou un fichier de commandes.


RETURN CODE: 1
